<?xml version="1.0" encoding="UTF-8"?>
<!-- Generated by org.testng.reporters.JUnitReportReporter -->
<testsuite skipped="0" hostname="hp" name="test.selectdropdown" tests="1" failures="0" timestamp="25 Jan 2018 10:04:23 GMT" time="14.901" errors="0">
  <testcase name="getValues" time="14.901" classname="test.selectdropdown"/>
</testsuite> <!-- test.selectdropdown -->
